pushclient/manifest-merger-release-report.txt
-- Merging decision tree log ---
manifest
ADDED from AndroidManifest.xml:2:1
	xmlns:android
		ADDED from AndroidManifest.xml:2:11
	package
		ADDED from AndroidManifest.xml:3:5
		INJECTED from AndroidManifest.xml:0:0
		INJECTED from AndroidManifest.xml:0:0
	android:versionName
		INJECTED from AndroidManifest.xml:0:0
		INJECTED from AndroidManifest.xml:0:0
	android:versionCode
		INJECTED from AndroidManifest.xml:0:0
		INJECTED from AndroidManifest.xml:0:0
application
ADDED from AndroidManifest.xml:6:5
MERGED from com.android.support:appcompat-v7:21.0.3:16:5
MERGED from com.android.support:support-v4:21.0.3:16:5
MERGED from com.android.support:appcompat-v7:21.0.3:16:5
MERGED from com.android.support:support-v4:21.0.3:16:5
MERGED from com.android.support:recyclerview-v7:21.0.3:17:5
MERGED from com.android.support:support-v4:21.0.3:16:5
MERGED from com.android.support:recyclerview-v7:21.0.3:17:5
MERGED from com.android.support:support-v4:21.0.3:16:5
MERGED from com.android.support:cardview-v7:21.0.3:16:5
MERGED from com.android.support:support-v4:21.0.3:16:5
MERGED from com.android.support:support-v4:21.0.3:16:5
	android:label
		ADDED from AndroidManifest.xml:10:9
	android:allowBackup
		ADDED from AndroidManifest.xml:8:9
	android:icon
		ADDED from AndroidManifest.xml:9:9
	android:theme
		ADDED from AndroidManifest.xml:11:9
	android:name
		ADDED from AndroidManifest.xml:7:9
activity#com.example.activity.WelcomeActivity_
ADDED from AndroidManifest.xml:12:9
	android:label
		ADDED from AndroidManifest.xml:15:13
	android:name
		ADDED from AndroidManifest.xml:13:13
intent-filter#android.intent.action.MAIN+android.intent.category.LAUNCHER
ADDED from AndroidManifest.xml:16:13
action#android.intent.action.MAIN
ADDED from AndroidManifest.xml:17:17
	android:name
		ADDED from AndroidManifest.xml:17:25
category#android.intent.category.LAUNCHER
ADDED from AndroidManifest.xml:19:17
	android:name
		ADDED from AndroidManifest.xml:19:27
activity#com.example.fc.activity.SecondActivity
ADDED from AndroidManifest.xml:22:9
	android:name
		ADDED from AndroidManifest.xml:23:13
	android:launchMode
		ADDED from AndroidManifest.xml:24:13
activity#com.example.fc.activity.firstActivity
ADDED from AndroidManifest.xml:25:9
	android:name
		ADDED from AndroidManifest.xml:26:13
	android:launchMode
		ADDED from AndroidManifest.xml:27:13
activity#com.example.activity.HomeActivity_
ADDED from AndroidManifest.xml:28:9
	android:name
		ADDED from AndroidManifest.xml:29:13
	android:launchMode
		ADDED from AndroidManifest.xml:30:13
activity#com.example.activity.BaseActionBarActivity_
ADDED from AndroidManifest.xml:31:9
	android:name
		ADDED from AndroidManifest.xml:31:19
activity#com.example.activity.LoginActivity_
ADDED from AndroidManifest.xml:33:9
	android:screenOrientation
		ADDED from AndroidManifest.xml:37:13
	android:label
		ADDED from AndroidManifest.xml:36:13
	android:configChanges
		ADDED from AndroidManifest.xml:35:13
	android:name
		ADDED from AndroidManifest.xml:34:13
activity#com.example.activity.NewsDetailsActivity_
ADDED from AndroidManifest.xml:38:9
	android:screenOrientation
		ADDED from AndroidManifest.xml:43:13
	android:label
		ADDED from AndroidManifest.xml:41:13
	android:configChanges
		ADDED from AndroidManifest.xml:40:13
	android:name
		ADDED from AndroidManifest.xml:39:13
	android:launchMode
		ADDED from AndroidManifest.xml:42:13
activity#com.example.activity.FreshNewsDetailActivity_
ADDED from AndroidManifest.xml:44:9
	android:screenOrientation
		ADDED from AndroidManifest.xml:49:13
	android:label
		ADDED from AndroidManifest.xml:47:13
	android:configChanges
		ADDED from AndroidManifest.xml:46:13
	android:name
		ADDED from AndroidManifest.xml:45:13
	android:launchMode
		ADDED from AndroidManifest.xml:48:13
activity#com.example.activity.WebActivity_
ADDED from AndroidManifest.xml:50:9
	android:screenOrientation
		ADDED from AndroidManifest.xml:54:13
	android:label
		ADDED from AndroidManifest.xml:53:13
	android:configChanges
		ADDED from AndroidManifest.xml:52:13
	android:name
		ADDED from AndroidManifest.xml:51:13
activity#com.example.activity.SettingActivity_
ADDED from AndroidManifest.xml:55:9
	android:screenOrientation
		ADDED from AndroidManifest.xml:60:13
	android:label
		ADDED from AndroidManifest.xml:58:13
	android:configChanges
		ADDED from AndroidManifest.xml:57:13
	android:name
		ADDED from AndroidManifest.xml:56:13
	android:launchMode
		ADDED from AndroidManifest.xml:59:13
receiver#com.example.receiver.BootBroadcastReceiver
ADDED from AndroidManifest.xml:62:9
	android:name
		ADDED from AndroidManifest.xml:62:19
intent-filter#android.intent.action.BOOT_COMPLETED
ADDED from AndroidManifest.xml:63:13
action#android.intent.action.BOOT_COMPLETED
ADDED from AndroidManifest.xml:64:17
	android:name
		ADDED from AndroidManifest.xml:64:25
service#com.example.fc.activity.PushService
ADDED from AndroidManifest.xml:69:9
	android:label
		ADDED from AndroidManifest.xml:71:13
	android:name
		ADDED from AndroidManifest.xml:70:13
service#com.example.fc.activity.MqttService
ADDED from AndroidManifest.xml:72:9
	android:label
		ADDED from AndroidManifest.xml:75:13
	android:exported
		ADDED from AndroidManifest.xml:74:13
	android:name
		ADDED from AndroidManifest.xml:73:13
uses-permission#android.permission.INTERNET
ADDED from AndroidManifest.xml:78:5
	android:name
		ADDED from AndroidManifest.xml:78:22
uses-permission#android.permission.VIBRATE
ADDED from AndroidManifest.xml:79:5
	android:name
		ADDED from AndroidManifest.xml:79:22
uses-permission#android.permission.WRITE_EXTERNAL_STORAGE
ADDED from AndroidManifest.xml:80:5
	android:name
		ADDED from AndroidManifest.xml:80:22
uses-permission#android.permission.ACCESS_NETWORK_STATE
ADDED from AndroidManifest.xml:81:5
	android:name
		ADDED from AndroidManifest.xml:81:22
uses-permission#android.permission.READ_PHONE_STATE
ADDED from AndroidManifest.xml:83:5
	android:name
		ADDED from AndroidManifest.xml:83:22
uses-permission#android.permission.ACCESS_WIFI_STATE
ADDED from AndroidManifest.xml:85:5
	android:name
		ADDED from AndroidManifest.xml:85:22
uses-permission#android.permission.MOUNT_UNMOUNT_FILESYSTEMS
ADDED from AndroidManifest.xml:93:5
	android:name
		ADDED from AndroidManifest.xml:93:22
uses-permission#android.permission.WAKE_LOCK
ADDED from AndroidManifest.xml:95:5
	android:name
		ADDED from AndroidManifest.xml:95:22
uses-permission#android.permission.CALL_PHONE
ADDED from AndroidManifest.xml:98:5
	android:name
		ADDED from AndroidManifest.xml:98:22
uses-permission#android.permission.RECEIVE_BOOT_COMPLETED
ADDED from AndroidManifest.xml:100:5
	android:name
		ADDED from AndroidManifest.xml:100:22
uses-sdk
INJECTED from AndroidManifest.xml:0:0 reason: use-sdk injection requested
MERGED from com.android.support:appcompat-v7:21.0.3:15:5
MERGED from com.android.support:support-v4:21.0.3:15:5
MERGED from MyApplication:Library:unspecified:8:5
MERGED from com.android.support:appcompat-v7:21.0.3:15:5
MERGED from com.android.support:support-v4:21.0.3:15:5
MERGED from com.android.support:recyclerview-v7:21.0.3:15:5
MERGED from com.android.support:support-v4:21.0.3:15:5
MERGED from com.android.support:recyclerview-v7:21.0.3:15:5
MERGED from com.android.support:support-v4:21.0.3:15:5
MERGED from com.android.support:cardview-v7:21.0.3:15:5
MERGED from com.facebook.fresco:fresco:0.2.0:5:5
MERGED from com.facebook.fresco:imagepipeline:0.2.0:5:5
MERGED from com.facebook.fresco:fbcore:0.2.0:5:5
MERGED from com.android.support:support-v4:21.0.3:15:5
MERGED from com.facebook.fresco:drawee:0.2.0:5:5
MERGED from com.facebook.fresco:fbcore:0.2.0:5:5
MERGED from com.android.support:support-v4:21.0.3:15:5
MERGED from com.facebook.fresco:fbcore:0.2.0:5:5
	android:targetSdkVersion
		INJECTED from AndroidManifest.xml:0:0
		INJECTED from AndroidManifest.xml:0:0
	android:minSdkVersion
		INJECTED from AndroidManifest.xml:0:0
		INJECTED from AndroidManifest.xml:0:0
activity#android.support.v7.widget.TestActivity
ADDED from com.android.support:recyclerview-v7:21.0.3:18:9
MERGED from com.android.support:recyclerview-v7:21.0.3:18:9
	android:label
		ADDED from com.android.support:recyclerview-v7:21.0.3:18:19
	android:name
		ADDED from com.android.support:recyclerview-v7:21.0.3:18:60